<?xml version="1.0" encoding="UTF-8"?>
<!-- Generated by org.testng.reporters.JUnitXMLReporter -->
<testsuite hostname="comp-X541UVK" ignored="0" name="Default test" tests="6" failures="0" timestamp="02 Jul 2018 09:12:14 GMT" time="270.736" errors="0">
  <testcase name="loginLogout" time="13.173" classname="kurtosysTestcases.testCases"/>
  <testcase name="createReport" time="46.742" classname="kurtosysTestcases.testCases"/>
  <testcase name="editReport" time="38.962" classname="kurtosysTestcases.testCases"/>
  <testcase name="copyReport" time="40.071" classname="kurtosysTestcases.testCases"/>
  <testcase name="deleteReport" time="35.127" classname="kurtosysTestcases.testCases"/>
  <testcase name="calculateNetWorth" time="65.301" classname="kurtosysTestcases.testCases"/>
</testsuite> <!-- Default test -->
