<?xml version="1.0" encoding="UTF-8"?>
<!-- Generated by org.testng.reporters.JUnitXMLReporter -->
<testsuite hostname="comp-X541UVK" ignored="0" name="Default test" tests="6" failures="0" timestamp="09 Jul 2018 12:45:21 GMT" time="185.089" errors="0">
  <testcase name="loginLogout" time="5.279" classname="kurtosysTestcases.testCases"/>
  <testcase name="createReport" time="34.39" classname="kurtosysTestcases.testCases"/>
  <testcase name="editReport" time="25.619" classname="kurtosysTestcases.testCases"/>
  <testcase name="copyReport" time="15.245" classname="kurtosysTestcases.testCases"/>
  <testcase name="deleteReport" time="23.432" classname="kurtosysTestcases.testCases"/>
  <testcase name="calculateNetWorth" time="57.617" classname="kurtosysTestcases.testCases"/>
</testsuite> <!-- Default test -->
